Success (19):
datatype 3344 {urn:com:appian:types}DEMO_Employee "{urn:com:appian:types}DEMO_Employee"
datatype 4048 {urn:com:appian:types:DDA}DDA_Emoployee "{urn:com:appian:types:DDA}DDA_Emoployee"
datatype 4086 {urn:com:appian:types:DDA}DDA_Employee "{urn:com:appian:types:DDA}DDA_Employee"
datatype 3402 {urn:com:appian:types}Demo_URl "{urn:com:appian:types}Demo_URl"
datatype 3944 {urn:com:appian:types}test_cdt "{urn:com:appian:types}test_cdt"
dataStore 27576 _a-0000dd0b-90ea-8000-9ccd-01ef9001ef90_29191 "Demo_DS_Employee"
content 24247 _a-0000dd0b-90ea-8000-9ccd-01ef9001ef90_29193 "Priyanka Rules & Contants"
content 24250 _a-0000dd0b-90ea-8000-9ccd-01ef9001ef90_29194 "Demo_Department_Name"
content 24272 _a-0000dd0b-90ea-8000-9ccd-01ef9001ef90_29195 "Demo_CreateEemployee"
content 24269 _a-0000dd0b-90ea-8000-9ccd-01ef9001ef90_29221 "getEmployeeById"
content 24271 _a-0000dd0b-90ea-8000-9ccd-01ef9001ef90_29225 "Demo_GetUserDetailsById"
content 24277 _a-0000dd0b-90ea-8000-9ccd-01ef9001ef90_29231 "Demo_GetUserSummaryDashboard"
content 24310 _a-0000dd0b-90ea-8000-9ccd-01ef9001ef90_29256 "Demo_Employee_Grid"
content 24335 _a-0000dd0b-90ea-8000-9ccd-01ef9001ef90_29259 "Demo_SelectableGrid_Employee"
content 24341 _a-0000dd0b-90ea-8000-9ccd-01ef9001ef90_29333 "Demo_EmployeeDetails_GridLayout"
content 30563 _a-0000ddcd-3247-8000-9ccd-01ef9001ef90_36156 "Test_Interface1"
application 27585 _a-0000dd0b-90ea-8000-9ccd-01ef9001ef90_29161 "Priyanka Training"
recordType 31 15e94703-4233-41e8-9ef5-e7be47323cba "User Detail"
webApi 27 f37b386f-677d-499b-882c-1429fb40563b "Web API 1"

Referenced precedents that were not exported (2):
user priyanka.verma priyanka.verma
content 24282 2cd4e6c3-ae30-4880-bd36-4bbf8e03ad78

Trace:
2016-10-26 07:58:16.843 DEBUG application 27585 _a-0000dd0b-90ea-8000-9ccd-01ef9001ef90_29161 Begin transport.
2016-10-26 07:58:16.843 DEBUG application 27585 _a-0000dd0b-90ea-8000-9ccd-01ef9001ef90_29161 Retrieving object data.
2016-10-26 07:58:16.846 DEBUG application 27585 _a-0000dd0b-90ea-8000-9ccd-01ef9001ef90_29161 App associated objects: [datatype=[{urn:com:appian:types}DEMO_Employee, {urn:com:appian:types:DDA}DDA_Emoployee, {urn:com:appian:types:DDA}DDA_Employee, {urn:com:appian:types}Demo_URl, {urn:com:appian:types}test_cdt],dataStore=[_a-0000dd0b-90ea-8000-9ccd-01ef9001ef90_29191],content=[_a-0000dd0b-90ea-8000-9ccd-01ef9001ef90_29193, _a-0000dd0b-90ea-8000-9ccd-01ef9001ef90_29194, _a-0000dd0b-90ea-8000-9ccd-01ef9001ef90_29195, _a-0000dd0b-90ea-8000-9ccd-01ef9001ef90_29221, _a-0000dd0b-90ea-8000-9ccd-01ef9001ef90_29225, _a-0000dd0b-90ea-8000-9ccd-01ef9001ef90_29231, _a-0000dd0b-90ea-8000-9ccd-01ef9001ef90_29256, _a-0000dd0b-90ea-8000-9ccd-01ef9001ef90_29259, _a-0000dd0b-90ea-8000-9ccd-01ef9001ef90_29333, _a-0000ddcd-3247-8000-9ccd-01ef9001ef90_36156],recordType=[15e94703-4233-41e8-9ef5-e7be47323cba],webApi=[f37b386f-677d-499b-882c-1429fb40563b]]
2016-10-26 07:58:16.85 DEBUG application 27585 _a-0000dd0b-90ea-8000-9ccd-01ef9001ef90_29161 Invalid associated objects: []
2016-10-26 07:58:16.85 DEBUG application 27585 _a-0000dd0b-90ea-8000-9ccd-01ef9001ef90_29161 Adding valid associated objects to be exported: GlobalBindingMap[datatype={{urn:com:appian:types}DEMO_Employee=3344, {urn:com:appian:types:DDA}DDA_Emoployee=4048, {urn:com:appian:types:DDA}DDA_Employee=4086, {urn:com:appian:types}Demo_URl=3402, {urn:com:appian:types}test_cdt=3944},dataStore={_a-0000dd0b-90ea-8000-9ccd-01ef9001ef90_29191=27576},content={_a-0000dd0b-90ea-8000-9ccd-01ef9001ef90_29193=24247, _a-0000dd0b-90ea-8000-9ccd-01ef9001ef90_29194=24250, _a-0000dd0b-90ea-8000-9ccd-01ef9001ef90_29195=24272, _a-0000dd0b-90ea-8000-9ccd-01ef9001ef90_29221=24269, _a-0000dd0b-90ea-8000-9ccd-01ef9001ef90_29225=24271, _a-0000dd0b-90ea-8000-9ccd-01ef9001ef90_29231=24277, _a-0000dd0b-90ea-8000-9ccd-01ef9001ef90_29256=24310, _a-0000dd0b-90ea-8000-9ccd-01ef9001ef90_29259=24335, _a-0000dd0b-90ea-8000-9ccd-01ef9001ef90_29333=24341, _a-0000ddcd-3247-8000-9ccd-01ef9001ef90_36156=30563},recordType={15e94703-4233-41e8-9ef5-e7be47323cba=31},webApi={f37b386f-677d-499b-882c-1429fb40563b=27}]
2016-10-26 07:58:16.85 DEBUG application 27585 _a-0000dd0b-90ea-8000-9ccd-01ef9001ef90_29161 Setting uuids of object references.
2016-10-26 07:58:16.85 DEBUG application 27585 _a-0000dd0b-90ea-8000-9ccd-01ef9001ef90_29161 Processing reference: Application.forum
2016-10-26 07:58:16.851 DEBUG application 27585 _a-0000dd0b-90ea-8000-9ccd-01ef9001ef90_29161 Processing reference: Application.parent
2016-10-26 07:58:16.852 DEBUG application 27585 _a-0000dd0b-90ea-8000-9ccd-01ef9001ef90_29161 Processing reference: com.appiancorp.suiteapi.content.ContentRoleMap@781a35f9[
  ContentRole[name=readers,inherit=false,allowForAll=false]
  ContentRole[name=authors,inherit=false,allowForAll=false]
  ContentRole[name=administrators,usernames=[priyanka.verma],inherit=false,allowForAll=false]
  ContentRole[name=denyReaders,inherit=false,allowForAll=false]
  ContentRole[name=denyAuthors,inherit=false,allowForAll=false]
  ContentRole[name=denyAdministrators,inherit=false,allowForAll=false]
  securityVector=129:SEC_PUBLIC=true,SEC_CREATOR_ADMIN=true,SEC_INH_ADMIN=false,SEC_INH_EDITOR=false,SEC_INH_VIEWER=false,SEC_ALL_ADMIN=false,SEC_ALL_EDITOR=false,SEC_ALL_VIEWER=false
]
2016-10-26 07:58:16.852 DEBUG application 27585 _a-0000dd0b-90ea-8000-9ccd-01ef9001ef90_29161 Processing reference: ContentRole[name=readers,inherit=false,allowForAll=false]
2016-10-26 07:58:16.852 DEBUG application 27585 _a-0000dd0b-90ea-8000-9ccd-01ef9001ef90_29161 Processing reference: ContentRole[name=authors,inherit=false,allowForAll=false]
2016-10-26 07:58:16.852 DEBUG application 27585 _a-0000dd0b-90ea-8000-9ccd-01ef9001ef90_29161 Processing reference: ContentRole[name=administrators,usernames=[priyanka.verma],inherit=false,allowForAll=false]
2016-10-26 07:58:16.853 DEBUG application 27585 _a-0000dd0b-90ea-8000-9ccd-01ef9001ef90_29161 Processing reference: ContentRole[name=denyReaders,inherit=false,allowForAll=false]
2016-10-26 07:58:16.853 DEBUG application 27585 _a-0000dd0b-90ea-8000-9ccd-01ef9001ef90_29161 Processing reference: ContentRole[name=denyAuthors,inherit=false,allowForAll=false]
2016-10-26 07:58:16.853 DEBUG application 27585 _a-0000dd0b-90ea-8000-9ccd-01ef9001ef90_29161 Processing reference: ContentRole[name=denyAdministrators,inherit=false,allowForAll=false]
2016-10-26 07:58:16.853 DEBUG datatype 3344 {urn:com:appian:types}DEMO_Employee Begin transport.
2016-10-26 07:58:16.853 DEBUG datatype 3344 {urn:com:appian:types}DEMO_Employee Retrieving object data.
2016-10-26 07:58:16.869 DEBUG datatype 3344 {urn:com:appian:types}DEMO_Employee Setting uuids of object references.
2016-10-26 07:58:16.869 DEBUG datatype 3344 {urn:com:appian:types}DEMO_Employee Exporting binary resources.
2016-10-26 07:58:16.869 DEBUG datatype 3344 {urn:com:appian:types}DEMO_Employee Serializing object to XML.
2016-10-26 07:58:16.87 DEBUG datatype 3344 {urn:com:appian:types}DEMO_Employee Object transported.
2016-10-26 07:58:16.87 DEBUG datatype 4048 {urn:com:appian:types:DDA}DDA_Emoployee Begin transport.
2016-10-26 07:58:16.87 DEBUG datatype 4048 {urn:com:appian:types:DDA}DDA_Emoployee Retrieving object data.
2016-10-26 07:58:16.877 DEBUG datatype 4048 {urn:com:appian:types:DDA}DDA_Emoployee Setting uuids of object references.
2016-10-26 07:58:16.878 DEBUG datatype 4048 {urn:com:appian:types:DDA}DDA_Emoployee Exporting binary resources.
2016-10-26 07:58:16.878 DEBUG datatype 4048 {urn:com:appian:types:DDA}DDA_Emoployee Serializing object to XML.
2016-10-26 07:58:16.878 DEBUG datatype 4048 {urn:com:appian:types:DDA}DDA_Emoployee Object transported.
2016-10-26 07:58:16.878 DEBUG datatype 4086 {urn:com:appian:types:DDA}DDA_Employee Begin transport.
2016-10-26 07:58:16.878 DEBUG datatype 4086 {urn:com:appian:types:DDA}DDA_Employee Retrieving object data.
2016-10-26 07:58:16.89 DEBUG datatype 4086 {urn:com:appian:types:DDA}DDA_Employee Setting uuids of object references.
2016-10-26 07:58:16.891 DEBUG datatype 4086 {urn:com:appian:types:DDA}DDA_Employee Exporting binary resources.
2016-10-26 07:58:16.891 DEBUG datatype 4086 {urn:com:appian:types:DDA}DDA_Employee Serializing object to XML.
2016-10-26 07:58:16.891 DEBUG datatype 4086 {urn:com:appian:types:DDA}DDA_Employee Object transported.
2016-10-26 07:58:16.891 DEBUG datatype 3402 {urn:com:appian:types}Demo_URl Begin transport.
2016-10-26 07:58:16.891 DEBUG datatype 3402 {urn:com:appian:types}Demo_URl Retrieving object data.
2016-10-26 07:58:16.896 DEBUG datatype 3402 {urn:com:appian:types}Demo_URl Setting uuids of object references.
2016-10-26 07:58:16.896 DEBUG datatype 3402 {urn:com:appian:types}Demo_URl Exporting binary resources.
2016-10-26 07:58:16.896 DEBUG datatype 3402 {urn:com:appian:types}Demo_URl Serializing object to XML.
2016-10-26 07:58:16.897 DEBUG datatype 3402 {urn:com:appian:types}Demo_URl Object transported.
2016-10-26 07:58:16.897 DEBUG datatype 3944 {urn:com:appian:types}test_cdt Begin transport.
2016-10-26 07:58:16.897 DEBUG datatype 3944 {urn:com:appian:types}test_cdt Retrieving object data.
2016-10-26 07:58:16.902 DEBUG datatype 3944 {urn:com:appian:types}test_cdt Setting uuids of object references.
2016-10-26 07:58:16.902 DEBUG datatype 3944 {urn:com:appian:types}test_cdt Exporting binary resources.
2016-10-26 07:58:16.902 DEBUG datatype 3944 {urn:com:appian:types}test_cdt Serializing object to XML.
2016-10-26 07:58:16.903 DEBUG datatype 3944 {urn:com:appian:types}test_cdt Object transported.
2016-10-26 07:58:16.904 DEBUG dataStore 27576 _a-0000dd0b-90ea-8000-9ccd-01ef9001ef90_29191 Begin transport.
2016-10-26 07:58:16.904 DEBUG dataStore 27576 _a-0000dd0b-90ea-8000-9ccd-01ef9001ef90_29191 Retrieving object data.
2016-10-26 07:58:16.906 DEBUG dataStore 27576 _a-0000dd0b-90ea-8000-9ccd-01ef9001ef90_29191 Setting uuids of object references.
2016-10-26 07:58:16.906 DEBUG dataStore 27576 _a-0000dd0b-90ea-8000-9ccd-01ef9001ef90_29191 Processing reference: datatypeRef[id=3344]
2016-10-26 07:58:16.907 DEBUG dataStore 27576 _a-0000dd0b-90ea-8000-9ccd-01ef9001ef90_29191 Processing reference: datatypeRef[id=4048]
2016-10-26 07:58:16.907 DEBUG dataStore 27576 _a-0000dd0b-90ea-8000-9ccd-01ef9001ef90_29191 Processing reference: datatypeRef[id=3402]
2016-10-26 07:58:16.907 DEBUG dataStore 27576 _a-0000dd0b-90ea-8000-9ccd-01ef9001ef90_29191 Processing reference: ContentRole[name=administrators,inherit=false,allowForAll=false]
2016-10-26 07:58:16.907 DEBUG dataStore 27576 _a-0000dd0b-90ea-8000-9ccd-01ef9001ef90_29191 Processing reference: ContentRole[name=authors,inherit=false,allowForAll=false]
2016-10-26 07:58:16.907 DEBUG dataStore 27576 _a-0000dd0b-90ea-8000-9ccd-01ef9001ef90_29191 Processing reference: ContentRole[name=denyAdministrators,inherit=false,allowForAll=false]
2016-10-26 07:58:16.907 DEBUG dataStore 27576 _a-0000dd0b-90ea-8000-9ccd-01ef9001ef90_29191 Processing reference: ContentRole[name=denyAuthors,inherit=false,allowForAll=false]
2016-10-26 07:58:16.907 DEBUG dataStore 27576 _a-0000dd0b-90ea-8000-9ccd-01ef9001ef90_29191 Processing reference: ContentRole[name=denyReaders,inherit=false,allowForAll=false]
2016-10-26 07:58:16.907 DEBUG dataStore 27576 _a-0000dd0b-90ea-8000-9ccd-01ef9001ef90_29191 Processing reference: ContentRole[name=readers,inherit=false,allowForAll=false]
2016-10-26 07:58:16.907 DEBUG dataStore 27576 _a-0000dd0b-90ea-8000-9ccd-01ef9001ef90_29191 Exporting binary resources.
2016-10-26 07:58:16.907 DEBUG dataStore 27576 _a-0000dd0b-90ea-8000-9ccd-01ef9001ef90_29191 Serializing object to XML.
2016-10-26 07:58:16.907 DEBUG dataStore 27576 _a-0000dd0b-90ea-8000-9ccd-01ef9001ef90_29191 Object transported.
2016-10-26 07:58:16.908 DEBUG content 24247 _a-0000dd0b-90ea-8000-9ccd-01ef9001ef90_29193 Begin transport.
2016-10-26 07:58:16.908 DEBUG content 24247 _a-0000dd0b-90ea-8000-9ccd-01ef9001ef90_29193 Retrieving object data.
2016-10-26 07:58:16.915 DEBUG content 24247 _a-0000dd0b-90ea-8000-9ccd-01ef9001ef90_29193 Setting uuids of object references.
2016-10-26 07:58:16.915 DEBUG content 24247 _a-0000dd0b-90ea-8000-9ccd-01ef9001ef90_29193 Processing reference: RulesFolder.forum
2016-10-26 07:58:16.915 DEBUG content 24247 _a-0000dd0b-90ea-8000-9ccd-01ef9001ef90_29193 Processing reference: RulesFolder.parent
2016-10-26 07:58:16.916 DEBUG content 24247 _a-0000dd0b-90ea-8000-9ccd-01ef9001ef90_29193 Processing reference: com.appiancorp.suiteapi.content.ContentRoleMap@3fa55107[
  ContentRole[name=readers,inherit=true,allowForAll=false]
  ContentRole[name=authors,inherit=true,allowForAll=false]
  ContentRole[name=administrators,inherit=true,allowForAll=false]
  ContentRole[name=denyReaders,inherit=false,allowForAll=false]
  ContentRole[name=denyAuthors,inherit=false,allowForAll=false]
  ContentRole[name=denyAdministrators,inherit=false,allowForAll=false]
  securityVector=15:SEC_PUBLIC=true,SEC_CREATOR_ADMIN=false,SEC_INH_ADMIN=true,SEC_INH_EDITOR=true,SEC_INH_VIEWER=true,SEC_ALL_ADMIN=false,SEC_ALL_EDITOR=false,SEC_ALL_VIEWER=false
]
2016-10-26 07:58:16.916 DEBUG content 24247 _a-0000dd0b-90ea-8000-9ccd-01ef9001ef90_29193 Processing reference: ContentRole[name=readers,inherit=true,allowForAll=false]
2016-10-26 07:58:16.916 DEBUG content 24247 _a-0000dd0b-90ea-8000-9ccd-01ef9001ef90_29193 Processing reference: ContentRole[name=authors,inherit=true,allowForAll=false]
2016-10-26 07:58:16.916 DEBUG content 24247 _a-0000dd0b-90ea-8000-9ccd-01ef9001ef90_29193 Processing reference: ContentRole[name=administrators,inherit=true,allowForAll=false]
2016-10-26 07:58:16.916 DEBUG content 24247 _a-0000dd0b-90ea-8000-9ccd-01ef9001ef90_29193 Processing reference: ContentRole[name=denyReaders,inherit=false,allowForAll=false]
2016-10-26 07:58:16.916 DEBUG content 24247 _a-0000dd0b-90ea-8000-9ccd-01ef9001ef90_29193 Processing reference: ContentRole[name=denyAuthors,inherit=false,allowForAll=false]
2016-10-26 07:58:16.916 DEBUG content 24247 _a-0000dd0b-90ea-8000-9ccd-01ef9001ef90_29193 Processing reference: ContentRole[name=denyAdministrators,inherit=false,allowForAll=false]
2016-10-26 07:58:16.916 DEBUG content 24247 _a-0000dd0b-90ea-8000-9ccd-01ef9001ef90_29193 Exporting binary resources.
2016-10-26 07:58:16.916 DEBUG content 24247 _a-0000dd0b-90ea-8000-9ccd-01ef9001ef90_29193 Serializing object to XML.
2016-10-26 07:58:16.917 DEBUG content 24247 _a-0000dd0b-90ea-8000-9ccd-01ef9001ef90_29193 Object transported.
2016-10-26 07:58:16.917 DEBUG content 24250 _a-0000dd0b-90ea-8000-9ccd-01ef9001ef90_29194 Begin transport.
2016-10-26 07:58:16.917 DEBUG content 24250 _a-0000dd0b-90ea-8000-9ccd-01ef9001ef90_29194 Retrieving object data.
2016-10-26 07:58:16.923 DEBUG content 24250 _a-0000dd0b-90ea-8000-9ccd-01ef9001ef90_29194 Setting uuids of object references.
2016-10-26 07:58:16.923 DEBUG content 24250 _a-0000dd0b-90ea-8000-9ccd-01ef9001ef90_29194 Processing reference: [Content:id=24248,versionId=-1,name=Demo_Department_Name,description=contains the department of employees,type=32,subtype=0,uuid=_a-0000dd0b-90ea-8000-9ccd-01ef9001ef90_29194,parent=24247,parentName=Priyanka Rules & Contants,parentType=2,log=24250,logName=Demo_Department_Name,state=255,visibility=35,security=15,creator=priyanka.verma,createdTimestamp=2016-09-19 10:18:45.0,updatedTimestamp=2016-09-19 10:18:45.0,size=0,lockedBy=,changesRequireApproval=false,attributes={system=0, hidden=0, ruletype=0, multiple=1, value=[Ljava.lang.String;@2661fd08, returnType=3},partition=1,partitionName=D:/Apps/Appian/_admin/accdocs1]
2016-10-26 07:58:16.923 DEBUG content 24250 _a-0000dd0b-90ea-8000-9ccd-01ef9001ef90_29194 Processing reference: Constant.forum
2016-10-26 07:58:16.923 DEBUG content 24250 _a-0000dd0b-90ea-8000-9ccd-01ef9001ef90_29194 Processing reference: Constant.parent
2016-10-26 07:58:16.924 DEBUG content 24250 _a-0000dd0b-90ea-8000-9ccd-01ef9001ef90_29194 Processing reference: com.appiancorp.suiteapi.content.ContentRoleMap@7a724730[
  ContentRole[name=readers,inherit=true,allowForAll=false]
  ContentRole[name=authors,inherit=true,allowForAll=false]
  ContentRole[name=administrators,inherit=true,allowForAll=false]
  ContentRole[name=denyReaders,inherit=false,allowForAll=false]
  ContentRole[name=denyAuthors,inherit=false,allowForAll=false]
  ContentRole[name=denyAdministrators,inherit=false,allowForAll=false]
  securityVector=15:SEC_PUBLIC=true,SEC_CREATOR_ADMIN=false,SEC_INH_ADMIN=true,SEC_INH_EDITOR=true,SEC_INH_VIEWER=true,SEC_ALL_ADMIN=false,SEC_ALL_EDITOR=false,SEC_ALL_VIEWER=false
]
2016-10-26 07:58:16.924 DEBUG content 24250 _a-0000dd0b-90ea-8000-9ccd-01ef9001ef90_29194 Processing reference: ContentRole[name=readers,inherit=true,allowForAll=false]
2016-10-26 07:58:16.924 DEBUG content 24250 _a-0000dd0b-90ea-8000-9ccd-01ef9001ef90_29194 Processing reference: ContentRole[name=authors,inherit=true,allowForAll=false]
2016-10-26 07:58:16.924 DEBUG content 24250 _a-0000dd0b-90ea-8000-9ccd-01ef9001ef90_29194 Processing reference: ContentRole[name=administrators,inherit=true,allowForAll=false]
2016-10-26 07:58:16.924 DEBUG content 24250 _a-0000dd0b-90ea-8000-9ccd-01ef9001ef90_29194 Processing reference: ContentRole[name=denyReaders,inherit=false,allowForAll=false]
2016-10-26 07:58:16.924 DEBUG content 24250 _a-0000dd0b-90ea-8000-9ccd-01ef9001ef90_29194 Processing reference: ContentRole[name=denyAuthors,inherit=false,allowForAll=false]
2016-10-26 07:58:16.924 DEBUG content 24250 _a-0000dd0b-90ea-8000-9ccd-01ef9001ef90_29194 Processing reference: ContentRole[name=denyAdministrators,inherit=false,allowForAll=false]
2016-10-26 07:58:16.924 DEBUG content 24250 _a-0000dd0b-90ea-8000-9ccd-01ef9001ef90_29194 Exporting binary resources.
2016-10-26 07:58:16.924 DEBUG content 24250 _a-0000dd0b-90ea-8000-9ccd-01ef9001ef90_29194 Serializing object to XML.
2016-10-26 07:58:16.926 DEBUG content 24250 _a-0000dd0b-90ea-8000-9ccd-01ef9001ef90_29194 Object transported.
2016-10-26 07:58:16.926 DEBUG content 24272 _a-0000dd0b-90ea-8000-9ccd-01ef9001ef90_29195 Begin transport.
2016-10-26 07:58:16.926 DEBUG content 24272 _a-0000dd0b-90ea-8000-9ccd-01ef9001ef90_29195 Retrieving object data.
2016-10-26 07:58:16.934 DEBUG content 24272 _a-0000dd0b-90ea-8000-9ccd-01ef9001ef90_29195 Setting uuids of object references.
2016-10-26 07:58:16.934 DEBUG content 24272 _a-0000dd0b-90ea-8000-9ccd-01ef9001ef90_29195 Processing reference: [Content:id=24249,versionId=-1,name=Demo_CreateEemployee,description=form for employee registration,type=32,subtype=1,uuid=_a-0000dd0b-90ea-8000-9ccd-01ef9001ef90_29195,parent=24247,parentName=Priyanka Rules & Contants,parentType=2,log=24272,logName=Demo_CreateEemployee,state=255,visibility=35,security=15,creator=priyanka.verma,createdTimestamp=2016-09-19 11:42:22.0,updatedTimestamp=2016-09-19 11:42:22.0,size=0,lockedBy=,changesRequireApproval=false,attributes={dep_rules=[Ljava.lang.Long;@35423b7e, system=0, preferredEditor=interface, hidden=0, offlineEnabled=false, ruletype=1, dep_functions=[Ljava.lang.String;@edad759, definition== #"SYSTEM_SYSRULES_formLayout"(
  label: "Create Employee Form  ",
  instructions: "Fill the details to complete the employee registration",
  firstColumnContents: {
    #"SYSTEM_SYSRULES_textField"(
      label: "Name",
      labelPosition: "ADJACENT",
      value: ri!user.Name,
      saveInto: ri!user.Name,
      required: true,
      requiredMessage: "Enter a valid Name",
      validations: {
        if(
          length(
            ri!user.Name
          ) > 50,
          "Please enter valid name",
          {}
        )
      }
    ),
    #"SYSTEM_SYSRULES_dropdownField"(
      label: "Department",
      labelPosition: "ADJACENT",
      choiceLabels: #"_a-0000dd0b-90ea-8000-9ccd-01ef9001ef90_29194",
      choiceValues: {#"_a-0000dd0b-90ea-8000-9ccd-01ef9001ef90_29194"},
      value: ri!user.Department,
      saveInto: ri!user.Department,
      placeholderLabel: "--SELECT--",
      required: true,
      requiredMessage: "Select one department"
    ),
    #"SYSTEM_SYSRULES_integerField"(
      label: "Mobile",
      labelPosition: "ADJACENT",
      value: ri!user.Mobile,
      saveInto: ri!user.Mobile,
      required: true,
      requiredMessage: "Enter a valid Number",
      validations: {}
    )
  },
  secondColumnContents: {
    /* Add components here for a two-column form */
    
  },
  buttons: #"SYSTEM_SYSRULES_ButtonLayout"(
    primaryButtons: {
      if(ri!isUpdate,
      #"SYSTEM_SYSRULES_ButtonWidgetSubmit"(
        label: "Update",
        style: "PRIMARY",
        value : "UPDATE",
        saveInto: ri!button
      ),
      #"SYSTEM_SYSRULES_ButtonWidgetSubmit"(
        label: "Submit",
        style: "PRIMARY",
        value : "SUBMIT",
        saveInto: ri!button
      )
      )
    },
    secondaryButtons: {
      #"SYSTEM_SYSRULES_ButtonWidgetSubmit"(
        label: "Cancel",
        style: "NORMAL",
        value: "CANCEL",
        saveInto: ri!button,
        skipValidation: true
      )
    }
  ),
  validations: {}
), dep_types=[Ljava.lang.String;@6edf0ce3, parameters=[Lcom.appiancorp.suiteapi.process.TypedVariable;@3548f0df, dep_variables=[[Ljava.lang.String;@11f5a4c3},partition=1,partitionName=D:/Apps/Appian/_admin/accdocs1]
2016-10-26 07:58:16.938 DEBUG content 24272 _a-0000dd0b-90ea-8000-9ccd-01ef9001ef90_29195 Processing reference: FreeformRule.forum
2016-10-26 07:58:16.938 DEBUG content 24272 _a-0000dd0b-90ea-8000-9ccd-01ef9001ef90_29195 Processing reference: TypedVariable[name=button,it=3,v=]
2016-10-26 07:58:16.938 DEBUG content 24272 _a-0000dd0b-90ea-8000-9ccd-01ef9001ef90_29195 Processing reference: TypedVariable[name=user,it=3344,v=<null>]
2016-10-26 07:58:16.938 DEBUG content 24272 _a-0000dd0b-90ea-8000-9ccd-01ef9001ef90_29195 Processing reference: TypedVariable[name=isUpdate,it=26,v=<null>]
2016-10-26 07:58:16.938 DEBUG content 24272 _a-0000dd0b-90ea-8000-9ccd-01ef9001ef90_29195 Processing reference: FreeformRule.parent
2016-10-26 07:58:16.94 DEBUG content 24272 _a-0000dd0b-90ea-8000-9ccd-01ef9001ef90_29195 Processing reference: com.appiancorp.suiteapi.content.ContentRoleMap@149d49fd[
  ContentRole[name=readers,inherit=true,allowForAll=false]
  ContentRole[name=authors,inherit=true,allowForAll=false]
  ContentRole[name=administrators,inherit=true,allowForAll=false]
  ContentRole[name=denyReaders,inherit=false,allowForAll=false]
  ContentRole[name=denyAuthors,inherit=false,allowForAll=false]
  ContentRole[name=denyAdministrators,inherit=false,allowForAll=false]
  securityVector=15:SEC_PUBLIC=true,SEC_CREATOR_ADMIN=false,SEC_INH_ADMIN=true,SEC_INH_EDITOR=true,SEC_INH_VIEWER=true,SEC_ALL_ADMIN=false,SEC_ALL_EDITOR=false,SEC_ALL_VIEWER=false
]
2016-10-26 07:58:16.94 DEBUG content 24272 _a-0000dd0b-90ea-8000-9ccd-01ef9001ef90_29195 Processing reference: ContentRole[name=readers,inherit=true,allowForAll=false]
2016-10-26 07:58:16.94 DEBUG content 24272 _a-0000dd0b-90ea-8000-9ccd-01ef9001ef90_29195 Processing reference: ContentRole[name=authors,inherit=true,allowForAll=false]
2016-10-26 07:58:16.94 DEBUG content 24272 _a-0000dd0b-90ea-8000-9ccd-01ef9001ef90_29195 Processing reference: ContentRole[name=administrators,inherit=true,allowForAll=false]
2016-10-26 07:58:16.94 DEBUG content 24272 _a-0000dd0b-90ea-8000-9ccd-01ef9001ef90_29195 Processing reference: ContentRole[name=denyReaders,inherit=false,allowForAll=false]
2016-10-26 07:58:16.94 DEBUG content 24272 _a-0000dd0b-90ea-8000-9ccd-01ef9001ef90_29195 Processing reference: ContentRole[name=denyAuthors,inherit=false,allowForAll=false]
2016-10-26 07:58:16.94 DEBUG content 24272 _a-0000dd0b-90ea-8000-9ccd-01ef9001ef90_29195 Processing reference: ContentRole[name=denyAdministrators,inherit=false,allowForAll=false]
2016-10-26 07:58:16.94 DEBUG content 24272 _a-0000dd0b-90ea-8000-9ccd-01ef9001ef90_29195 Exporting binary resources.
2016-10-26 07:58:16.94 DEBUG content 24272 _a-0000dd0b-90ea-8000-9ccd-01ef9001ef90_29195 Serializing object to XML.
2016-10-26 07:58:16.945 DEBUG content 24272 _a-0000dd0b-90ea-8000-9ccd-01ef9001ef90_29195 Object transported.
2016-10-26 07:58:16.945 DEBUG content 24269 _a-0000dd0b-90ea-8000-9ccd-01ef9001ef90_29221 Begin transport.
2016-10-26 07:58:16.945 DEBUG content 24269 _a-0000dd0b-90ea-8000-9ccd-01ef9001ef90_29221 Retrieving object data.
2016-10-26 07:58:16.95 DEBUG content 24269 _a-0000dd0b-90ea-8000-9ccd-01ef9001ef90_29221 Setting uuids of object references.
2016-10-26 07:58:16.95 DEBUG content 24269 _a-0000dd0b-90ea-8000-9ccd-01ef9001ef90_29221 Processing reference: [id=13943842-1713-4f4a-8ce9-644c32f4fff8@24245]
2016-10-26 07:58:16.951 DEBUG content 24269 _a-0000dd0b-90ea-8000-9ccd-01ef9001ef90_29221 Processing reference: datatypeRef[id=1]
2016-10-26 07:58:16.951 DEBUG content 24269 _a-0000dd0b-90ea-8000-9ccd-01ef9001ef90_29221 Processing reference: Query.folderId
2016-10-26 07:58:16.952 DEBUG content 24269 _a-0000dd0b-90ea-8000-9ccd-01ef9001ef90_29221 Processing reference: datatypeRef[id=1]
2016-10-26 07:58:16.952 DEBUG content 24269 _a-0000dd0b-90ea-8000-9ccd-01ef9001ef90_29221 Processing reference: com.appiancorp.suiteapi.content.ContentRoleMap@34ea7305[
  ContentRole[name=readers,inherit=true,allowForAll=false]
  ContentRole[name=authors,inherit=true,allowForAll=false]
  ContentRole[name=administrators,inherit=true,allowForAll=false]
  ContentRole[name=denyReaders,inherit=false,allowForAll=false]
  ContentRole[name=denyAuthors,inherit=false,allowForAll=false]
  ContentRole[name=denyAdministrators,inherit=false,allowForAll=false]
  securityVector=14:SEC_PUBLIC=false,SEC_CREATOR_ADMIN=false,SEC_INH_ADMIN=true,SEC_INH_EDITOR=true,SEC_INH_VIEWER=true,SEC_ALL_ADMIN=false,SEC_ALL_EDITOR=false,SEC_ALL_VIEWER=false
]
2016-10-26 07:58:16.952 DEBUG content 24269 _a-0000dd0b-90ea-8000-9ccd-01ef9001ef90_29221 Processing reference: ContentRole[name=readers,inherit=true,allowForAll=false]
2016-10-26 07:58:16.952 DEBUG content 24269 _a-0000dd0b-90ea-8000-9ccd-01ef9001ef90_29221 Processing reference: ContentRole[name=authors,inherit=true,allowForAll=false]
2016-10-26 07:58:16.952 DEBUG content 24269 _a-0000dd0b-90ea-8000-9ccd-01ef9001ef90_29221 Processing reference: ContentRole[name=administrators,inherit=true,allowForAll=false]
2016-10-26 07:58:16.952 DEBUG content 24269 _a-0000dd0b-90ea-8000-9ccd-01ef9001ef90_29221 Processing reference: ContentRole[name=denyReaders,inherit=false,allowForAll=false]
2016-10-26 07:58:16.952 DEBUG content 24269 _a-0000dd0b-90ea-8000-9ccd-01ef9001ef90_29221 Processing reference: ContentRole[name=denyAuthors,inherit=false,allowForAll=false]
2016-10-26 07:58:16.952 DEBUG content 24269 _a-0000dd0b-90ea-8000-9ccd-01ef9001ef90_29221 Processing reference: ContentRole[name=denyAdministrators,inherit=false,allowForAll=false]
2016-10-26 07:58:16.952 DEBUG content 24269 _a-0000dd0b-90ea-8000-9ccd-01ef9001ef90_29221 Exporting binary resources.
2016-10-26 07:58:16.952 DEBUG content 24269 _a-0000dd0b-90ea-8000-9ccd-01ef9001ef90_29221 Serializing object to XML.
2016-10-26 07:58:16.953 DEBUG content 24269 _a-0000dd0b-90ea-8000-9ccd-01ef9001ef90_29221 Object transported.
2016-10-26 07:58:16.953 DEBUG content 24271 _a-0000dd0b-90ea-8000-9ccd-01ef9001ef90_29225 Begin transport.
2016-10-26 07:58:16.953 DEBUG content 24271 _a-0000dd0b-90ea-8000-9ccd-01ef9001ef90_29225 Retrieving object data.
2016-10-26 07:58:16.957 DEBUG content 24271 _a-0000dd0b-90ea-8000-9ccd-01ef9001ef90_29225 Setting uuids of object references.
2016-10-26 07:58:16.957 DEBUG content 24271 _a-0000dd0b-90ea-8000-9ccd-01ef9001ef90_29225 Processing reference: [Content:id=24271,versionId=-1,name=Demo_GetUserDetailsById,description=,type=32,subtype=0,uuid=_a-0000dd0b-90ea-8000-9ccd-01ef9001ef90_29225,parent=24247,parentName=Priyanka Rules & Contants,parentType=2,log=24271,logName=Demo_GetUserDetailsById,state=255,visibility=35,security=15,creator=priyanka.verma,createdTimestamp=2016-09-19 11:38:07.0,updatedTimestamp=2016-09-19 11:38:07.0,size=0,lockedBy=,changesRequireApproval=false,attributes={system=0, hidden=0, ruletype=0, multiple=0, value=13943842-1713-4f4a-8ce9-644c32f4fff8@24245, returnType=81},partition=3,partitionName=D:/Apps/Appian/_admin/accdocs3]
2016-10-26 07:58:16.958 DEBUG content 24271 _a-0000dd0b-90ea-8000-9ccd-01ef9001ef90_29225 Processing reference: Constant.forum
2016-10-26 07:58:16.959 DEBUG content 24271 _a-0000dd0b-90ea-8000-9ccd-01ef9001ef90_29225 Processing reference: Constant.parent
2016-10-26 07:58:16.96 DEBUG content 24271 _a-0000dd0b-90ea-8000-9ccd-01ef9001ef90_29225 Processing reference: com.appiancorp.suiteapi.content.ContentRoleMap@71c992cc[
  ContentRole[name=readers,inherit=true,allowForAll=false]
  ContentRole[name=authors,inherit=true,allowForAll=false]
  ContentRole[name=administrators,inherit=true,allowForAll=false]
  ContentRole[name=denyReaders,inherit=false,allowForAll=false]
  ContentRole[name=denyAuthors,inherit=false,allowForAll=false]
  ContentRole[name=denyAdministrators,inherit=false,allowForAll=false]
  securityVector=15:SEC_PUBLIC=true,SEC_CREATOR_ADMIN=false,SEC_INH_ADMIN=true,SEC_INH_EDITOR=true,SEC_INH_VIEWER=true,SEC_ALL_ADMIN=false,SEC_ALL_EDITOR=false,SEC_ALL_VIEWER=false
]
2016-10-26 07:58:16.96 DEBUG content 24271 _a-0000dd0b-90ea-8000-9ccd-01ef9001ef90_29225 Processing reference: ContentRole[name=readers,inherit=true,allowForAll=false]
2016-10-26 07:58:16.96 DEBUG content 24271 _a-0000dd0b-90ea-8000-9ccd-01ef9001ef90_29225 Processing reference: ContentRole[name=authors,inherit=true,allowForAll=false]
2016-10-26 07:58:16.96 DEBUG content 24271 _a-0000dd0b-90ea-8000-9ccd-01ef9001ef90_29225 Processing reference: ContentRole[name=administrators,inherit=true,allowForAll=false]
2016-10-26 07:58:16.96 DEBUG content 24271 _a-0000dd0b-90ea-8000-9ccd-01ef9001ef90_29225 Processing reference: ContentRole[name=denyReaders,inherit=false,allowForAll=false]
2016-10-26 07:58:16.96 DEBUG content 24271 _a-0000dd0b-90ea-8000-9ccd-01ef9001ef90_29225 Processing reference: ContentRole[name=denyAuthors,inherit=false,allowForAll=false]
2016-10-26 07:58:16.96 DEBUG content 24271 _a-0000dd0b-90ea-8000-9ccd-01ef9001ef90_29225 Processing reference: ContentRole[name=denyAdministrators,inherit=false,allowForAll=false]
2016-10-26 07:58:16.96 DEBUG content 24271 _a-0000dd0b-90ea-8000-9ccd-01ef9001ef90_29225 Exporting binary resources.
2016-10-26 07:58:16.96 DEBUG content 24271 _a-0000dd0b-90ea-8000-9ccd-01ef9001ef90_29225 Serializing object to XML.
2016-10-26 07:58:16.962 DEBUG content 24271 _a-0000dd0b-90ea-8000-9ccd-01ef9001ef90_29225 Object transported.
2016-10-26 07:58:16.962 DEBUG content 24277 _a-0000dd0b-90ea-8000-9ccd-01ef9001ef90_29231 Begin transport.
2016-10-26 07:58:16.962 DEBUG content 24277 _a-0000dd0b-90ea-8000-9ccd-01ef9001ef90_29231 Retrieving object data.
2016-10-26 07:58:16.971 DEBUG content 24277 _a-0000dd0b-90ea-8000-9ccd-01ef9001ef90_29231 Setting uuids of object references.
2016-10-26 07:58:16.971 DEBUG content 24277 _a-0000dd0b-90ea-8000-9ccd-01ef9001ef90_29231 Processing reference: [Content:id=24277,versionId=-1,name=Demo_GetUserSummaryDashboard,description=Summary dashborad of User,type=32,subtype=1,uuid=_a-0000dd0b-90ea-8000-9ccd-01ef9001ef90_29231,parent=24247,parentName=Priyanka Rules & Contants,parentType=2,log=24277,logName=Demo_GetUserSummaryDashboard,state=255,visibility=35,security=15,creator=priyanka.verma,createdTimestamp=2016-09-19 13:09:50.0,updatedTimestamp=2016-09-19 13:09:50.0,size=0,lockedBy=,changesRequireApproval=false,attributes={dep_rules=[Ljava.lang.Long;@5ca5871f, system=0, preferredEditor=legacy, hidden=0, ruletype=1, dep_functions=[Ljava.lang.String;@7dcdbc0e, definition=, dep_types=[Ljava.lang.String;@7e197c27, parameters=[Lcom.appiancorp.suiteapi.process.TypedVariable;@52f40801, dep_variables=[[Ljava.lang.String;@2299f03f},partition=3,partitionName=D:/Apps/Appian/_admin/accdocs3]
2016-10-26 07:58:16.971 DEBUG content 24277 _a-0000dd0b-90ea-8000-9ccd-01ef9001ef90_29231 Processing reference: FreeformRule.forum
2016-10-26 07:58:16.972 DEBUG content 24277 _a-0000dd0b-90ea-8000-9ccd-01ef9001ef90_29231 Processing reference: FreeformRule.parent
2016-10-26 07:58:16.973 DEBUG content 24277 _a-0000dd0b-90ea-8000-9ccd-01ef9001ef90_29231 Processing reference: com.appiancorp.suiteapi.content.ContentRoleMap@68231888[
  ContentRole[name=readers,inherit=true,allowForAll=false]
  ContentRole[name=authors,inherit=true,allowForAll=false]
  ContentRole[name=administrators,inherit=true,allowForAll=false]
  ContentRole[name=denyReaders,inherit=false,allowForAll=false]
  ContentRole[name=denyAuthors,inherit=false,allowForAll=false]
  ContentRole[name=denyAdministrators,inherit=false,allowForAll=false]
  securityVector=15:SEC_PUBLIC=true,SEC_CREATOR_ADMIN=false,SEC_INH_ADMIN=true,SEC_INH_EDITOR=true,SEC_INH_VIEWER=true,SEC_ALL_ADMIN=false,SEC_ALL_EDITOR=false,SEC_ALL_VIEWER=false
]
2016-10-26 07:58:16.973 DEBUG content 24277 _a-0000dd0b-90ea-8000-9ccd-01ef9001ef90_29231 Processing reference: ContentRole[name=readers,inherit=true,allowForAll=false]
2016-10-26 07:58:16.973 DEBUG content 24277 _a-0000dd0b-90ea-8000-9ccd-01ef9001ef90_29231 Processing reference: ContentRole[name=authors,inherit=true,allowForAll=false]
2016-10-26 07:58:16.973 DEBUG content 24277 _a-0000dd0b-90ea-8000-9ccd-01ef9001ef90_29231 Processing reference: ContentRole[name=administrators,inherit=true,allowForAll=false]
2016-10-26 07:58:16.973 DEBUG content 24277 _a-0000dd0b-90ea-8000-9ccd-01ef9001ef90_29231 Processing reference: ContentRole[name=denyReaders,inherit=false,allowForAll=false]
2016-10-26 07:58:16.973 DEBUG content 24277 _a-0000dd0b-90ea-8000-9ccd-01ef9001ef90_29231 Processing reference: ContentRole[name=denyAuthors,inherit=false,allowForAll=false]
2016-10-26 07:58:16.973 DEBUG content 24277 _a-0000dd0b-90ea-8000-9ccd-01ef9001ef90_29231 Processing reference: ContentRole[name=denyAdministrators,inherit=false,allowForAll=false]
2016-10-26 07:58:16.973 DEBUG content 24277 _a-0000dd0b-90ea-8000-9ccd-01ef9001ef90_29231 Exporting binary resources.
2016-10-26 07:58:16.973 DEBUG content 24277 _a-0000dd0b-90ea-8000-9ccd-01ef9001ef90_29231 Serializing object to XML.
2016-10-26 07:58:16.975 DEBUG content 24277 _a-0000dd0b-90ea-8000-9ccd-01ef9001ef90_29231 Object transported.
2016-10-26 07:58:16.975 DEBUG content 24310 _a-0000dd0b-90ea-8000-9ccd-01ef9001ef90_29256 Begin transport.
2016-10-26 07:58:16.975 DEBUG content 24310 _a-0000dd0b-90ea-8000-9ccd-01ef9001ef90_29256 Retrieving object data.
2016-10-26 07:58:16.981 DEBUG content 24310 _a-0000dd0b-90ea-8000-9ccd-01ef9001ef90_29256 Setting uuids of object references.
2016-10-26 07:58:16.981 DEBUG content 24310 _a-0000dd0b-90ea-8000-9ccd-01ef9001ef90_29256 Processing reference: [Content:id=24290,versionId=-1,name=Demo_Employee_Grid,description=paging grid of Employee,type=32,subtype=1,uuid=_a-0000dd0b-90ea-8000-9ccd-01ef9001ef90_29256,parent=24247,parentName=Priyanka Rules & Contants,parentType=2,log=24310,logName=Demo_Employee_Grid,state=255,visibility=35,security=15,creator=priyanka.verma,createdTimestamp=2016-09-20 11:16:50.0,updatedTimestamp=2016-09-20 11:16:50.0,size=0,lockedBy=,changesRequireApproval=false,attributes={dep_rules=[Ljava.lang.Long;@467f4fd9, system=0, preferredEditor=interface, hidden=0, offlineEnabled=false, ruletype=1, dep_functions=[Ljava.lang.String;@a9f2455, definition=load(
  local!pagingInfo: #"SYSTEM_SYSRULES_pagingInfo"(
    startIndex: 1,
    batchSize: - 1
  ),
  local!data: #"2cd4e6c3-ae30-4880-bd36-4bbf8e03ad78"(),
  with(
    local!dataSubset: todatasubset(
      local!pagingInfo,
      local!data
    ),
    #"SYSTEM_SYSRULES_sectionLayout"(
      label: "Employee Details",
      firstColumnContents: {
        #"SYSTEM_SYSRULES_gridField"(
          instructions: "Details of the Employees along with the Department and Registerd in the Company Record",
          totalCount: local!data.totalCount,
          columns: {
            #"SYSTEM_SYSRULES_gridTextColumn"(
              label: "Id",
              field: "Id",
              data: index(
                local!data.data,
                "Id",
                {}
              ),
              alignment: "CENTER"
            ),
            #"SYSTEM_SYSRULES_gridTextColumn"(
              label: "Name",
              field: "Name",
              data: index(
                local!data.data,
                "Name",
                {}
              ),
              alignment: "CENTER"
            ),
            #"SYSTEM_SYSRULES_gridTextColumn"(
              label: "Department",
              field: "Department",
              data: index(
                local!data.data,
                "Department",
                {}
              ),
              alignment: "CENTER"
            ),
            #"SYSTEM_SYSRULES_gridTextColumn"(
              label: "Mobile",
              field: "Mobile",
              data: index(
                local!data.data,
                "Mobile",
                {}
              ),
              alignment: "CENTER"
            )
          },
          value: local!pagingInfo,
          saveInto: local!pagingInfo,
          identifiers : local!data.identifiers
        )
      }
    )
  )
), dep_types=[Ljava.lang.String;@5ace6b6c, parameters=[Lcom.appiancorp.suiteapi.process.TypedVariable;@6d1eb0cd, dep_variables=[[Ljava.lang.String;@51a33b30},partition=3,partitionName=D:/Apps/Appian/_admin/accdocs3]
2016-10-26 07:58:16.993 DEBUG content 24310 _a-0000dd0b-90ea-8000-9ccd-01ef9001ef90_29256 Processing reference: FreeformRule.forum
2016-10-26 07:58:16.994 DEBUG content 24310 _a-0000dd0b-90ea-8000-9ccd-01ef9001ef90_29256 Processing reference: TypedVariable[name=cancel,it=26,v=<null>]
2016-10-26 07:58:16.994 DEBUG content 24310 _a-0000dd0b-90ea-8000-9ccd-01ef9001ef90_29256 Processing reference: FreeformRule.parent
2016-10-26 07:58:16.995 DEBUG content 24310 _a-0000dd0b-90ea-8000-9ccd-01ef9001ef90_29256 Processing reference: com.appiancorp.suiteapi.content.ContentRoleMap@402c23f5[
  ContentRole[name=readers,inherit=true,allowForAll=false]
  ContentRole[name=authors,inherit=true,allowForAll=false]
  ContentRole[name=administrators,inherit=true,allowForAll=false]
  ContentRole[name=denyReaders,inherit=false,allowForAll=false]
  ContentRole[name=denyAuthors,inherit=false,allowForAll=false]
  ContentRole[name=denyAdministrators,inherit=false,allowForAll=false]
  securityVector=15:SEC_PUBLIC=true,SEC_CREATOR_ADMIN=false,SEC_INH_ADMIN=true,SEC_INH_EDITOR=true,SEC_INH_VIEWER=true,SEC_ALL_ADMIN=false,SEC_ALL_EDITOR=false,SEC_ALL_VIEWER=false
]
2016-10-26 07:58:16.995 DEBUG content 24310 _a-0000dd0b-90ea-8000-9ccd-01ef9001ef90_29256 Processing reference: ContentRole[name=readers,inherit=true,allowForAll=false]
2016-10-26 07:58:16.995 DEBUG content 24310 _a-0000dd0b-90ea-8000-9ccd-01ef9001ef90_29256 Processing reference: ContentRole[name=authors,inherit=true,allowForAll=false]
2016-10-26 07:58:16.995 DEBUG content 24310 _a-0000dd0b-90ea-8000-9ccd-01ef9001ef90_29256 Processing reference: ContentRole[name=administrators,inherit=true,allowForAll=false]
2016-10-26 07:58:16.995 DEBUG content 24310 _a-0000dd0b-90ea-8000-9ccd-01ef9001ef90_29256 Processing reference: ContentRole[name=denyReaders,inherit=false,allowForAll=false]
2016-10-26 07:58:16.995 DEBUG content 24310 _a-0000dd0b-90ea-8000-9ccd-01ef9001ef90_29256 Processing reference: ContentRole[name=denyAuthors,inherit=false,allowForAll=false]
2016-10-26 07:58:16.995 DEBUG content 24310 _a-0000dd0b-90ea-8000-9ccd-01ef9001ef90_29256 Processing reference: ContentRole[name=denyAdministrators,inherit=false,allowForAll=false]
2016-10-26 07:58:16.995 DEBUG content 24310 _a-0000dd0b-90ea-8000-9ccd-01ef9001ef90_29256 Exporting binary resources.
2016-10-26 07:58:16.995 DEBUG content 24310 _a-0000dd0b-90ea-8000-9ccd-01ef9001ef90_29256 Serializing object to XML.
2016-10-26 07:58:16.997 DEBUG content 24310 _a-0000dd0b-90ea-8000-9ccd-01ef9001ef90_29256 Object transported.
2016-10-26 07:58:16.997 DEBUG content 24335 _a-0000dd0b-90ea-8000-9ccd-01ef9001ef90_29259 Begin transport.
2016-10-26 07:58:16.997 DEBUG content 24335 _a-0000dd0b-90ea-8000-9ccd-01ef9001ef90_29259 Retrieving object data.
2016-10-26 07:58:17.004 DEBUG content 24335 _a-0000dd0b-90ea-8000-9ccd-01ef9001ef90_29259 Setting uuids of object references.
2016-10-26 07:58:17.004 DEBUG content 24335 _a-0000dd0b-90ea-8000-9ccd-01ef9001ef90_29259 Processing reference: [Content:id=24293,versionId=-1,name=Demo_SelectableGrid_Employee,description=grid with selection option and show the selected id details,type=32,subtype=1,uuid=_a-0000dd0b-90ea-8000-9ccd-01ef9001ef90_29259,parent=24247,parentName=Priyanka Rules & Contants,parentType=2,log=24335,logName=Demo_SelectableGrid_Employee,state=255,visibility=35,security=15,creator=priyanka.verma,createdTimestamp=2016-09-20 13:06:46.0,updatedTimestamp=2016-09-20 13:06:46.0,size=0,lockedBy=,changesRequireApproval=false,attributes={dep_rules=[Ljava.lang.Long;@3616f4d8, system=0, preferredEditor=interface, hidden=0, offlineEnabled=false, ruletype=1, dep_functions=[Ljava.lang.String;@423fb27a, definition=load(
  local!selectedEmployeeId,
  local!data: #"2cd4e6c3-ae30-4880-bd36-4bbf8e03ad78"().data,
  local!gridSelection: #"SYSTEM_SYSRULES_gridSelection"(
    pagingInfo: #"SYSTEM_SYSRULES_pagingInfo"(
      startIndex: 1,
      batchSize: - 1
    )
  ),
  with(
    local!dataSubset: todatasubset(
      local!data,
      local!gridSelection.pagingInfo
    ),
    #"SYSTEM_SYSRULES_formLayout"(
      firstColumnContents: {
        #"SYSTEM_SYSRULES_sectionLayout"(
          label: "Employee Details",
          firstColumnContents: {
            #"SYSTEM_SYSRULES_gridField"(
              label: "Selected Id :"&" "&ri!SelectedId,
              instruction: "Select the Employee to get the details",
              totalCount: local!dataSubset.totalCount,
              columns: {
                #"SYSTEM_SYSRULES_gridTextColumn"(
                  label: "Id",
                  field: "Id",
                  data: index(
                    local!dataSubset.data,
                    "Id",
                    {}
                  ),
                  alignment: "CENTER"
                ),
                #"SYSTEM_SYSRULES_gridTextColumn"(
                  label: "Name",
                  field: "Name",
                  data: index(
                    local!dataSubset.data,
                    "Name",
                    {}
                  ),
                  alignment: "CENTER",
                  links: apply(
                    #"SYSTEM_SYSRULES_dynamicLink"(
                      value: _,
                      saveInto: local!selectedEmployeeId
                    ),
                    index(
                      local!dataSubset.data,
                      "Id",
                      {}
                    )
                  )
                ),
                #"SYSTEM_SYSRULES_gridTextColumn"(
                  label: "Department",
                  field: "Department",
                  data: index(
                    local!dataSubset.data,
                    "Department",
                    {}
                  ),
                  alignment: "CENTER"
                ),
                #"SYSTEM_SYSRULES_gridTextColumn"(
                  label: "Mobile",
                  field: "Mobile",
                  data: index(
                    local!dataSubset.data,
                    "Mobile",
                    {}
                  ),
                  alignment: "CENTER"
                )
              },
              value: local!gridSelection,
              selection: true,
              identifiers: index(
                local!dataSubset.data,
                "Id",
                {}
              ),
              requireSelection: true,
              saveInto: {
                local!gridSelection,
                a!save(
                  ri!SelectedId,
                  index(
                    save!value,
                    "selected",
                    null
                  )
                )
              },
              validations: {
                if(
                  count(
                    tointeger(
                      ri!SelectedId
                    )
                  ) > 1,
                  "Please select only one Employee.",
                  ""
                )
              }
            )
          }
        ),
        if(
          isnull(
            local!selectedEmployeeId
          ),
          {},
          with(
            /*` Replace with your rule to get the employee details */
            local!selectedEmployee: displayvalue(
              local!selectedEmployeeId,
              local!data.Id,
              local!data,
              {}
            ),
            #"SYSTEM_SYSRULES_sectionLayout"(
              label: "Employee Details: " & index(
                local!selectedEmployee,
                "Name",
                {}
              ),
              firstColumnContents: {
                #"SYSTEM_SYSRULES_textField"(
                  label: "Name",
                  value: index(
                    local!selectedEmployee,
                    "Name",
                    {}
                  ),
                  readOnly: true
                ),
                #"SYSTEM_SYSRULES_textField"(
                  label: "Department",
                  value: index(
                    local!selectedEmployee,
                    "Department",
                    {}
                  ),
                  readOnly: true
                )
              },
              secondColumnContents: {
                #"SYSTEM_SYSRULES_textField"(
                  label: "Mobile",
                  value: index(
                    local!selectedEmployee,
                    "Mobile",
                    {}
                  ),
                  readOnly: true
                )
              }
            )
          )
        )
      }
    )
  )
), dep_types=[Ljava.lang.String;@232c5c6c, parameters=[Lcom.appiancorp.suiteapi.process.TypedVariable;@750d380a, dep_variables=[[Ljava.lang.String;@74bca247},partition=3,partitionName=D:/Apps/Appian/_admin/accdocs3]
2016-10-26 07:58:17.008 DEBUG content 24335 _a-0000dd0b-90ea-8000-9ccd-01ef9001ef90_29259 Processing reference: FreeformRule.forum
2016-10-26 07:58:17.008 DEBUG content 24335 _a-0000dd0b-90ea-8000-9ccd-01ef9001ef90_29259 Processing reference: TypedVariable[name=SelectedId,it=101,v=<null>]
2016-10-26 07:58:17.008 DEBUG content 24335 _a-0000dd0b-90ea-8000-9ccd-01ef9001ef90_29259 Processing reference: FreeformRule.parent
2016-10-26 07:58:17.01 DEBUG content 24335 _a-0000dd0b-90ea-8000-9ccd-01ef9001ef90_29259 Processing reference: com.appiancorp.suiteapi.content.ContentRoleMap@65406393[
  ContentRole[name=readers,inherit=true,allowForAll=false]
  ContentRole[name=authors,inherit=true,allowForAll=false]
  ContentRole[name=administrators,inherit=true,allowForAll=false]
  ContentRole[name=denyReaders,inherit=false,allowForAll=false]
  ContentRole[name=denyAuthors,inherit=false,allowForAll=false]
  ContentRole[name=denyAdministrators,inherit=false,allowForAll=false]
  securityVector=15:SEC_PUBLIC=true,SEC_CREATOR_ADMIN=false,SEC_INH_ADMIN=true,SEC_INH_EDITOR=true,SEC_INH_VIEWER=true,SEC_ALL_ADMIN=false,SEC_ALL_EDITOR=false,SEC_ALL_VIEWER=false
]
2016-10-26 07:58:17.01 DEBUG content 24335 _a-0000dd0b-90ea-8000-9ccd-01ef9001ef90_29259 Processing reference: ContentRole[name=readers,inherit=true,allowForAll=false]
2016-10-26 07:58:17.01 DEBUG content 24335 _a-0000dd0b-90ea-8000-9ccd-01ef9001ef90_29259 Processing reference: ContentRole[name=authors,inherit=true,allowForAll=false]
2016-10-26 07:58:17.01 DEBUG content 24335 _a-0000dd0b-90ea-8000-9ccd-01ef9001ef90_29259 Processing reference: ContentRole[name=administrators,inherit=true,allowForAll=false]
2016-10-26 07:58:17.01 DEBUG content 24335 _a-0000dd0b-90ea-8000-9ccd-01ef9001ef90_29259 Processing reference: ContentRole[name=denyReaders,inherit=false,allowForAll=false]
2016-10-26 07:58:17.01 DEBUG content 24335 _a-0000dd0b-90ea-8000-9ccd-01ef9001ef90_29259 Processing reference: ContentRole[name=denyAuthors,inherit=false,allowForAll=false]
2016-10-26 07:58:17.01 DEBUG content 24335 _a-0000dd0b-90ea-8000-9ccd-01ef9001ef90_29259 Processing reference: ContentRole[name=denyAdministrators,inherit=false,allowForAll=false]
2016-10-26 07:58:17.01 DEBUG content 24335 _a-0000dd0b-90ea-8000-9ccd-01ef9001ef90_29259 Exporting binary resources.
2016-10-26 07:58:17.01 DEBUG content 24335 _a-0000dd0b-90ea-8000-9ccd-01ef9001ef90_29259 Serializing object to XML.
2016-10-26 07:58:17.012 DEBUG content 24335 _a-0000dd0b-90ea-8000-9ccd-01ef9001ef90_29259 Object transported.
2016-10-26 07:58:17.012 DEBUG content 24341 _a-0000dd0b-90ea-8000-9ccd-01ef9001ef90_29333 Begin transport.
2016-10-26 07:58:17.012 DEBUG content 24341 _a-0000dd0b-90ea-8000-9ccd-01ef9001ef90_29333 Retrieving object data.
2016-10-26 07:58:17.021 DEBUG content 24341 _a-0000dd0b-90ea-8000-9ccd-01ef9001ef90_29333 Setting uuids of object references.
2016-10-26 07:58:17.021 DEBUG content 24341 _a-0000dd0b-90ea-8000-9ccd-01ef9001ef90_29333 Processing reference: [Content:id=24340,versionId=-1,name=Demo_EmployeeDetails_GridLayout,description=,type=32,subtype=1,uuid=_a-0000dd0b-90ea-8000-9ccd-01ef9001ef90_29333,parent=24247,parentName=Priyanka Rules & Contants,parentType=2,log=24341,logName=Demo_EmployeeDetails_GridLayout,state=255,visibility=35,security=15,creator=priyanka.verma,createdTimestamp=2016-09-20 13:22:48.0,updatedTimestamp=2016-09-20 13:22:48.0,size=0,lockedBy=,changesRequireApproval=false,attributes={dep_rules=[Ljava.lang.Long;@5982d1e6, system=0, preferredEditor=interface, hidden=0, offlineEnabled=false, ruletype=1, dep_functions=[Ljava.lang.String;@51381a54, definition==#"SYSTEM_SYSRULES_gridRowLayout"(
  id: ri!index,
  contents: {
    #"SYSTEM_SYSRULES_textField"(
      /* Labels are not visible in grid cells but are necessary to meet accessibility requirements */
      label: "summary " & ri!index,
      value: ri!items[ri!index].summary,
      saveInto: ri!items[ri!index].summary,
      required: true
    ),
    #"SYSTEM_SYSRULES_integerField"(
      label: "qty " & ri!index,
      value: ri!items[ri!index].qty,
      saveInto: ri!items[ri!index].qty,
      validations: if(tointeger(ri!items[ri!index].qty) < 1, "Quantity must be greater than 0", null),
      align: "RIGHT"
    ),
    #"SYSTEM_SYSRULES_floatingPointField"(
      label: "unitPrice " & ri!index,
      value: ri!items[ri!index].unitPrice,
      saveInto: ri!items[ri!index].unitPrice,
      validations: if(todecimal(ri!items[ri!index].unitPrice) < 1, "Unit price must be greater than 0", null),
      align: "RIGHT"
    ),
    #"SYSTEM_SYSRULES_textField"(
      label: "amount " & ri!index,
      value: if(
        or(isnull(ri!items[ri!index].qty), isnull(ri!items[ri!index].unitPrice)),
        null,
        dollar(tointeger(ri!items[ri!index].qty) * todecimal(ri!items[ri!index].unitPrice))
      ),
      readOnly: true,
      align: "RIGHT"
    ),
    #"SYSTEM_SYSRULES_dropdownField"(
      label: "dept " & ri!index,
      choiceLabels: {"Finance", "Sales"},
      placeholderLabel: "--Select-- ",
      choiceValues: {"Finance", "Sales"},
      value: ri!items[ri!index].dept,
      saveInto: ri!items[ri!index].dept
    ),
    #"SYSTEM_SYSRULES_dateField"(
      label: "due " & ri!index,
      value: ri!items[ri!index].due,
      saveInto: ri!items[ri!index].due,
      validations: if(todate(ri!items[ri!index].due) < today(), "The due date cannot be in the past", null),
      align: "RIGHT"
    ),
    #"SYSTEM_SYSRULES_imageField"(
      label: "delete " & ri!index,
      images: #"SYSTEM_SYSRULES_documentImage"(
        document: #"SYSTEM_SYSRULES_iconIndicator"("REMOVE"),
        altText: "Remove",
        caption: "Remove " & ri!items[ri!index].summary,
        link: #"SYSTEM_SYSRULES_dynamicLink"(
          value: ri!index,
          saveInto: {
            a!save(ri!items, remove(ri!items, save!value)),
            /* When modifying the size of the array used in a!applyComponents,  */
            /* make the same change in the "token" array variable               */
            a!save(ri!itemsToken, remove(ri!itemsToken, save!value))
          }
        )
      ),
      size: "ICON"
    )
  }
), dep_types=[Ljava.lang.String;@3dff0500, parameters=[Lcom.appiancorp.suiteapi.process.TypedVariable;@584ac5f6, dep_variables=[[Ljava.lang.String;@170822f8},partition=2,partitionName=D:/Apps/Appian/_admin/accdocs2]
2016-10-26 07:58:17.022 DEBUG content 24341 _a-0000dd0b-90ea-8000-9ccd-01ef9001ef90_29333 Processing reference: FreeformRule.forum
2016-10-26 07:58:17.022 DEBUG content 24341 _a-0000dd0b-90ea-8000-9ccd-01ef9001ef90_29333 Processing reference: TypedVariable[name=cancel,it=26,v=<null>]
2016-10-26 07:58:17.023 DEBUG content 24341 _a-0000dd0b-90ea-8000-9ccd-01ef9001ef90_29333 Processing reference: FreeformRule.parent
2016-10-26 07:58:17.024 DEBUG content 24341 _a-0000dd0b-90ea-8000-9ccd-01ef9001ef90_29333 Processing reference: com.appiancorp.suiteapi.content.ContentRoleMap@7fe5308c[
  ContentRole[name=readers,inherit=true,allowForAll=false]
  ContentRole[name=authors,inherit=true,allowForAll=false]
  ContentRole[name=administrators,inherit=true,allowForAll=false]
  ContentRole[name=denyReaders,inherit=false,allowForAll=false]
  ContentRole[name=denyAuthors,inherit=false,allowForAll=false]
  ContentRole[name=denyAdministrators,inherit=false,allowForAll=false]
  securityVector=15:SEC_PUBLIC=true,SEC_CREATOR_ADMIN=false,SEC_INH_ADMIN=true,SEC_INH_EDITOR=true,SEC_INH_VIEWER=true,SEC_ALL_ADMIN=false,SEC_ALL_EDITOR=false,SEC_ALL_VIEWER=false
]
2016-10-26 07:58:17.024 DEBUG content 24341 _a-0000dd0b-90ea-8000-9ccd-01ef9001ef90_29333 Processing reference: ContentRole[name=readers,inherit=true,allowForAll=false]
2016-10-26 07:58:17.024 DEBUG content 24341 _a-0000dd0b-90ea-8000-9ccd-01ef9001ef90_29333 Processing reference: ContentRole[name=authors,inherit=true,allowForAll=false]
2016-10-26 07:58:17.024 DEBUG content 24341 _a-0000dd0b-90ea-8000-9ccd-01ef9001ef90_29333 Processing reference: ContentRole[name=administrators,inherit=true,allowForAll=false]
2016-10-26 07:58:17.024 DEBUG content 24341 _a-0000dd0b-90ea-8000-9ccd-01ef9001ef90_29333 Processing reference: ContentRole[name=denyReaders,inherit=false,allowForAll=false]
2016-10-26 07:58:17.024 DEBUG content 24341 _a-0000dd0b-90ea-8000-9ccd-01ef9001ef90_29333 Processing reference: ContentRole[name=denyAuthors,inherit=false,allowForAll=false]
2016-10-26 07:58:17.024 DEBUG content 24341 _a-0000dd0b-90ea-8000-9ccd-01ef9001ef90_29333 Processing reference: ContentRole[name=denyAdministrators,inherit=false,allowForAll=false]
2016-10-26 07:58:17.024 DEBUG content 24341 _a-0000dd0b-90ea-8000-9ccd-01ef9001ef90_29333 Exporting binary resources.
2016-10-26 07:58:17.024 DEBUG content 24341 _a-0000dd0b-90ea-8000-9ccd-01ef9001ef90_29333 Serializing object to XML.
2016-10-26 07:58:17.026 DEBUG content 24341 _a-0000dd0b-90ea-8000-9ccd-01ef9001ef90_29333 Object transported.
2016-10-26 07:58:17.026 DEBUG content 30563 _a-0000ddcd-3247-8000-9ccd-01ef9001ef90_36156 Begin transport.
2016-10-26 07:58:17.026 DEBUG content 30563 _a-0000ddcd-3247-8000-9ccd-01ef9001ef90_36156 Retrieving object data.
2016-10-26 07:58:17.031 DEBUG content 30563 _a-0000ddcd-3247-8000-9ccd-01ef9001ef90_36156 Setting uuids of object references.
2016-10-26 07:58:17.032 DEBUG content 30563 _a-0000ddcd-3247-8000-9ccd-01ef9001ef90_36156 Processing reference: [Content:id=30559,versionId=-1,name=Test_Interface1,description=Test,type=32,subtype=1,uuid=_a-0000ddcd-3247-8000-9ccd-01ef9001ef90_36156,parent=24247,parentName=Priyanka Rules & Contants,parentType=2,log=30563,logName=Test_Interface1,state=255,visibility=35,security=15,creator=priyanka.verma,createdTimestamp=2016-10-26 07:55:33.0,updatedTimestamp=2016-10-26 07:55:34.0,size=0,lockedBy=,changesRequireApproval=false,attributes={dep_rules=[Ljava.lang.Long;@20a9e6db, system=0, preferredEditor=interface, hidden=0, offlineEnabled=false, ruletype=1, dep_functions=[Ljava.lang.String;@6acaf21f, definition==#"SYSTEM_SYSRULES_formLayout"(
  label: "Lorem Ipsum",
  instructions: "Lorem Ipsum",
  firstColumnContents: {
    #"SYSTEM_SYSRULES_textField"(
      label: "Lorem Ipsum",
      labelPosition: "ABOVE",
      saveInto: {},
      refreshAfter: "UNFOCUS",
      validations: {}
    ),
    #"SYSTEM_SYSRULES_textField"(
      label: "Lorem Ipsum1",
      labelPosition: "ABOVE",
      saveInto: {},
      refreshAfter: "UNFOCUS",
      validations: {}
    ),
    #"SYSTEM_SYSRULES_textField"(
      label: "Lorem Ipsum2",
      labelPosition: "ABOVE",
      saveInto: {},
      refreshAfter: "UNFOCUS",
      validations: {}
    )
  },
  secondColumnContents: {
    /* Add components here for a two-column form */
  },
  buttons: #"SYSTEM_SYSRULES_ButtonLayout"(
    primaryButtons: {
      #"SYSTEM_SYSRULES_ButtonWidgetSubmit"(
        label: "Submit",
        style: "PRIMARY",
        saveInto: {}
      )
    },
    secondaryButtons: {
      #"SYSTEM_SYSRULES_ButtonWidgetSubmit"(
        label: "Cancel",
        style: "NORMAL",
        value: true,
        saveInto: ri!cancel,
        skipValidation: true
      )
    }
  ),
  validations: {}
), dep_types=[Ljava.lang.String;@4d5bda41, parameters=[Lcom.appiancorp.suiteapi.process.TypedVariable;@5020709a, dep_variables=[[Ljava.lang.String;@3fd0db7b},partition=2,partitionName=D:/Apps/Appian/_admin/accdocs2]
2016-10-26 07:58:17.032 DEBUG content 30563 _a-0000ddcd-3247-8000-9ccd-01ef9001ef90_36156 Processing reference: FreeformRule.forum
2016-10-26 07:58:17.033 DEBUG content 30563 _a-0000ddcd-3247-8000-9ccd-01ef9001ef90_36156 Processing reference: TypedVariable[name=cancel,it=26,v=<null>]
2016-10-26 07:58:17.033 DEBUG content 30563 _a-0000ddcd-3247-8000-9ccd-01ef9001ef90_36156 Processing reference: FreeformRule.parent
2016-10-26 07:58:17.034 DEBUG content 30563 _a-0000ddcd-3247-8000-9ccd-01ef9001ef90_36156 Processing reference: com.appiancorp.suiteapi.content.ContentRoleMap@3a3d527[
  ContentRole[name=readers,inherit=true,allowForAll=false]
  ContentRole[name=authors,inherit=true,allowForAll=false]
  ContentRole[name=administrators,inherit=true,allowForAll=false]
  ContentRole[name=denyReaders,inherit=false,allowForAll=false]
  ContentRole[name=denyAuthors,inherit=false,allowForAll=false]
  ContentRole[name=denyAdministrators,inherit=false,allowForAll=false]
  securityVector=15:SEC_PUBLIC=true,SEC_CREATOR_ADMIN=false,SEC_INH_ADMIN=true,SEC_INH_EDITOR=true,SEC_INH_VIEWER=true,SEC_ALL_ADMIN=false,SEC_ALL_EDITOR=false,SEC_ALL_VIEWER=false
]
2016-10-26 07:58:17.034 DEBUG content 30563 _a-0000ddcd-3247-8000-9ccd-01ef9001ef90_36156 Processing reference: ContentRole[name=readers,inherit=true,allowForAll=false]
2016-10-26 07:58:17.034 DEBUG content 30563 _a-0000ddcd-3247-8000-9ccd-01ef9001ef90_36156 Processing reference: ContentRole[name=authors,inherit=true,allowForAll=false]
2016-10-26 07:58:17.034 DEBUG content 30563 _a-0000ddcd-3247-8000-9ccd-01ef9001ef90_36156 Processing reference: ContentRole[name=administrators,inherit=true,allowForAll=false]
2016-10-26 07:58:17.034 DEBUG content 30563 _a-0000ddcd-3247-8000-9ccd-01ef9001ef90_36156 Processing reference: ContentRole[name=denyReaders,inherit=false,allowForAll=false]
2016-10-26 07:58:17.034 DEBUG content 30563 _a-0000ddcd-3247-8000-9ccd-01ef9001ef90_36156 Processing reference: ContentRole[name=denyAuthors,inherit=false,allowForAll=false]
2016-10-26 07:58:17.034 DEBUG content 30563 _a-0000ddcd-3247-8000-9ccd-01ef9001ef90_36156 Processing reference: ContentRole[name=denyAdministrators,inherit=false,allowForAll=false]
2016-10-26 07:58:17.034 DEBUG content 30563 _a-0000ddcd-3247-8000-9ccd-01ef9001ef90_36156 Exporting binary resources.
2016-10-26 07:58:17.034 DEBUG content 30563 _a-0000ddcd-3247-8000-9ccd-01ef9001ef90_36156 Serializing object to XML.
2016-10-26 07:58:17.035 DEBUG content 30563 _a-0000ddcd-3247-8000-9ccd-01ef9001ef90_36156 Object transported.
2016-10-26 07:58:17.036 DEBUG recordType 31 15e94703-4233-41e8-9ef5-e7be47323cba Begin transport.
2016-10-26 07:58:17.036 DEBUG recordType 31 15e94703-4233-41e8-9ef5-e7be47323cba Retrieving object data.
2016-10-26 07:58:17.046 DEBUG recordType 31 15e94703-4233-41e8-9ef5-e7be47323cba Setting uuids of object references.
2016-10-26 07:58:17.046 DEBUG recordType 31 15e94703-4233-41e8-9ef5-e7be47323cba Processing reference: RecordType.dataSrcExpr
2016-10-26 07:58:17.046 DEBUG recordType 31 15e94703-4233-41e8-9ef5-e7be47323cba Processing reference: RecordType.defaultFilters
2016-10-26 07:58:17.046 DEBUG recordType 31 15e94703-4233-41e8-9ef5-e7be47323cba Processing reference: RecordType.defaultFiltersExpr
2016-10-26 07:58:17.047 DEBUG recordType 31 15e94703-4233-41e8-9ef5-e7be47323cba Processing reference: DetailViewCfg.headerExpr
2016-10-26 07:58:17.047 DEBUG recordType 31 15e94703-4233-41e8-9ef5-e7be47323cba Processing reference: DetailViewCfg.nameExpr
2016-10-26 07:58:17.048 DEBUG recordType 31 15e94703-4233-41e8-9ef5-e7be47323cba Processing reference: DetailViewCfg.uiExpr
2016-10-26 07:58:17.048 DEBUG recordType 31 15e94703-4233-41e8-9ef5-e7be47323cba Processing reference: DetailViewCfg.visibilityExpr
2016-10-26 07:58:17.048 DEBUG recordType 31 15e94703-4233-41e8-9ef5-e7be47323cba Processing reference: RecordType.facetsListExpr
2016-10-26 07:58:17.048 DEBUG recordType 31 15e94703-4233-41e8-9ef5-e7be47323cba Processing reference: RecordType.listViewTemplateExpr
2016-10-26 07:58:17.049 DEBUG recordType 31 15e94703-4233-41e8-9ef5-e7be47323cba Processing reference: RecordType.source
2016-10-26 07:58:17.051 DEBUG recordType 31 15e94703-4233-41e8-9ef5-e7be47323cba Processing reference: RecordType.titleExpr
2016-10-26 07:58:17.051 DEBUG recordType 31 15e94703-4233-41e8-9ef5-e7be47323cba Exporting binary resources.
2016-10-26 07:58:17.051 DEBUG recordType 31 15e94703-4233-41e8-9ef5-e7be47323cba Serializing object to XML.
2016-10-26 07:58:17.051 DEBUG recordType 31 15e94703-4233-41e8-9ef5-e7be47323cba Object transported.
2016-10-26 07:58:17.053 DEBUG webApi 27 f37b386f-677d-499b-882c-1429fb40563b Begin transport.
2016-10-26 07:58:17.053 DEBUG webApi 27 f37b386f-677d-499b-882c-1429fb40563b Retrieving object data.
2016-10-26 07:58:17.067 DEBUG webApi 27 f37b386f-677d-499b-882c-1429fb40563b Setting uuids of object references.
2016-10-26 07:58:17.067 DEBUG webApi 27 f37b386f-677d-499b-882c-1429fb40563b Processing reference: WebApi.expression
2016-10-26 07:58:17.067 DEBUG webApi 27 f37b386f-677d-499b-882c-1429fb40563b Exporting binary resources.
2016-10-26 07:58:17.067 DEBUG webApi 27 f37b386f-677d-499b-882c-1429fb40563b Serializing object to XML.
2016-10-26 07:58:17.067 DEBUG webApi 27 f37b386f-677d-499b-882c-1429fb40563b Object transported.
2016-10-26 07:58:17.067 DEBUG application 27585 _a-0000dd0b-90ea-8000-9ccd-01ef9001ef90_29161 Exporting binary resources.
2016-10-26 07:58:17.067 DEBUG application 27585 _a-0000dd0b-90ea-8000-9ccd-01ef9001ef90_29161 Serializing object to XML.
2016-10-26 07:58:17.068 DEBUG application 27585 _a-0000dd0b-90ea-8000-9ccd-01ef9001ef90_29161 Object transported.
